<?xml version="1.0" encoding="UTF-8"?>
<testsuite xmlns:xsi="http://www.w3.org/2001/XMLSchema-instance" xsi:noNamespaceSchemaLocation="https://maven.apache.org/surefire/maven-surefire-plugin/xsd/surefire-test-report.xsd" name="com.kinhnv.app.kafka.connect.DublicateFieldTest" time="0.018" tests="3" errors="0" skipped="0" failures="0">
  <properties>
    <property name="java.specification.version" value="18"/>
    <property name="sun.cpu.isalist" value="amd64"/>
    <property name="sun.jnu.encoding" value="Cp1252"/>
    <property name="java.class.path" value="D:\Projects\duplicate-field\target\test-classes;D:\Projects\duplicate-field\target\classes;D:\Users\kinhn\.m2\repository\org\apache\kafka\connect-api\3.2.3\connect-api-3.2.3.jar;D:\Users\kinhn\.m2\repository\org\apache\kafka\kafka-clients\3.2.3\kafka-clients-3.2.3.jar;D:\Users\kinhn\.m2\repository\com\github\luben\zstd-jni\1.5.2-1\zstd-jni-1.5.2-1.jar;D:\Users\kinhn\.m2\repository\org\lz4\lz4-java\1.8.0\lz4-java-1.8.0.jar;D:\Users\kinhn\.m2\repository\org\xerial\snappy\snappy-java\1.1.8.4\snappy-java-1.1.8.4.jar;D:\Users\kinhn\.m2\repository\org\slf4j\slf4j-api\1.7.36\slf4j-api-1.7.36.jar;D:\Users\kinhn\.m2\repository\javax\ws\rs\javax.ws.rs-api\2.1.1\javax.ws.rs-api-2.1.1.jar;D:\Users\kinhn\.m2\repository\org\apache\kafka\connect-transforms\3.2.3\connect-transforms-3.2.3.jar;D:\Users\kinhn\.m2\repository\junit\junit\4.11\junit-4.11.jar;D:\Users\kinhn\.m2\repository\org\hamcrest\hamcrest-core\1.3\hamcrest-core-1.3.jar;"/>
    <property name="java.vm.vendor" value="Oracle Corporation"/>
    <property name="sun.arch.data.model" value="64"/>
    <property name="user.variant" value=""/>
    <property name="java.vendor.url" value="https://java.oracle.com/"/>
    <property name="user.timezone" value="Asia/Bangkok"/>
    <property name="os.name" value="Windows 10"/>
    <property name="java.vm.specification.version" value="18"/>
    <property name="sun.java.launcher" value="SUN_STANDARD"/>
    <property name="user.country" value="US"/>
    <property name="sun.boot.library.path" value="C:\Program Files\Java\jdk-18.0.2.1\bin"/>
    <property name="sun.java.command" value="D:\Users\kinhn\AppData\Local\Temp\surefire10925676664462289056\surefirebooter830593420012679767.jar D:\Users\kinhn\AppData\Local\Temp\surefire10925676664462289056 2022-09-25T11-17-55_586-jvmRun1 surefire9525385421800802656tmp surefire_013053694859641987127tmp"/>
    <property name="jdk.debug" value="release"/>
    <property name="surefire.test.class.path" value="D:\Projects\duplicate-field\target\test-classes;D:\Projects\duplicate-field\target\classes;D:\Users\kinhn\.m2\repository\org\apache\kafka\connect-api\3.2.3\connect-api-3.2.3.jar;D:\Users\kinhn\.m2\repository\org\apache\kafka\kafka-clients\3.2.3\kafka-clients-3.2.3.jar;D:\Users\kinhn\.m2\repository\com\github\luben\zstd-jni\1.5.2-1\zstd-jni-1.5.2-1.jar;D:\Users\kinhn\.m2\repository\org\lz4\lz4-java\1.8.0\lz4-java-1.8.0.jar;D:\Users\kinhn\.m2\repository\org\xerial\snappy\snappy-java\1.1.8.4\snappy-java-1.1.8.4.jar;D:\Users\kinhn\.m2\repository\org\slf4j\slf4j-api\1.7.36\slf4j-api-1.7.36.jar;D:\Users\kinhn\.m2\repository\javax\ws\rs\javax.ws.rs-api\2.1.1\javax.ws.rs-api-2.1.1.jar;D:\Users\kinhn\.m2\repository\org\apache\kafka\connect-transforms\3.2.3\connect-transforms-3.2.3.jar;D:\Users\kinhn\.m2\repository\junit\junit\4.11\junit-4.11.jar;D:\Users\kinhn\.m2\repository\org\hamcrest\hamcrest-core\1.3\hamcrest-core-1.3.jar;"/>
    <property name="sun.cpu.endian" value="little"/>
    <property name="user.home" value="D:\Users\kinhn"/>
    <property name="user.language" value="en"/>
    <property name="java.specification.vendor" value="Oracle Corporation"/>
    <property name="java.version.date" value="2022-08-18"/>
    <property name="java.home" value="C:\Program Files\Java\jdk-18.0.2.1"/>
    <property name="file.separator" value="\"/>
    <property name="basedir" value="D:\Projects\duplicate-field"/>
    <property name="style.color" value="always"/>
    <property name="java.vm.compressedOopsMode" value="Zero based"/>
    <property name="line.separator" value="&#10;"/>
    <property name="java.vm.specification.vendor" value="Oracle Corporation"/>
    <property name="java.specification.name" value="Java Platform API Specification"/>
    <property name="surefire.real.class.path" value="D:\Users\kinhn\AppData\Local\Temp\surefire10925676664462289056\surefirebooter830593420012679767.jar"/>
    <property name="user.script" value=""/>
    <property name="sun.management.compiler" value="HotSpot 64-Bit Tiered Compilers"/>
    <property name="java.runtime.version" value="18.0.2.1+1-1"/>
    <property name="user.name" value="kinhn"/>
    <property name="path.separator" value=";"/>
    <property name="os.version" value="10.0"/>
    <property name="java.runtime.name" value="Java(TM) SE Runtime Environment"/>
    <property name="file.encoding" value="UTF-8"/>
    <property name="java.vm.name" value="Java HotSpot(TM) 64-Bit Server VM"/>
    <property name="localRepository" value="D:\Users\kinhn\.m2\repository"/>
    <property name="java.vendor.url.bug" value="https://bugreport.java.com/bugreport/"/>
    <property name="java.io.tmpdir" value="D:\Users\kinhn\AppData\Local\Temp\"/>
    <property name="java.version" value="18.0.2.1"/>
    <property name="user.dir" value="D:\Projects\duplicate-field"/>
    <property name="os.arch" value="amd64"/>
    <property name="java.vm.specification.name" value="Java Virtual Machine Specification"/>
    <property name="sun.os.patch.level" value=""/>
    <property name="native.encoding" value="Cp1252"/>
    <property name="java.library.path" value="C:\Program Files\Java\jdk-18.0.2.1\bin;C:\Windows\Sun\Java\bin;C:\Windows\system32;C:\Windows;C:/Program Files/Java/jdk-18.0.2.1/bin/server;C:/Program Files/Java/jdk-18.0.2.1/bin;D:/Users/kinhn/AppData/Local/Temp/eoi67F0.tmp//plugins/org.eclipse.justj.openjdk.hotspot.jre.minimal.stripped.win32.x86_64_17.0.4.v20220903-1038/jre/bin/server;D:/Users/kinhn/AppData/Local/Temp/eoi67F0.tmp//plugins/org.eclipse.justj.openjdk.hotspot.jre.minimal.stripped.win32.x86_64_17.0.4.v20220903-1038/jre/bin;C:\Program Files\Google\Chrome\Application;C:\Program Files\Common Files\Oracle\Java\javapath;C:\Windows\system32;C:\Windows;C:\Windows\System32\Wbem;C:\Windows\System32\WindowsPowerShell\v1.0\;C:\Windows\System32\OpenSSH\;C:\Program Files\Docker\Docker\resources\bin;C:\ProgramData\DockerDesktop\version-bin;C:\Program Files\Git\cmd;C:\Program Files\dotnet\;C:\ProgramData\chocolatey\bin;C:\Program Files\Microsoft SQL Server\150\Tools\Binn\;C:\Program Files\Microsoft SQL Server\Client SDK\ODBC\170\Tools\Binn\;C:\Program Files (x86)\Microsoft SQL Server\150\DTS\Binn\;C:\Program Files\Azure Data Studio\bin;C:\Program Files\Java\jdk-18.0.2.1\lib;C:\Program Files\apache-maven-3.8.6\bin;C:\Program Files\Gradle\bin;D:\Users\kinhn\AppData\Local\Microsoft\WindowsApps;;D:\Users\kinhn\AppData\Local\Programs\Microsoft VS Code\bin;D:\Users\kinhn\.dotnet\tools;C:\Program Files\Azure Data Studio\bin;D:\Users\kinhn\Downloads;;D:\Users\kinhn\Downloads;;."/>
    <property name="java.vm.info" value="mixed mode, sharing"/>
    <property name="java.vendor" value="Oracle Corporation"/>
    <property name="java.vm.version" value="18.0.2.1+1-1"/>
    <property name="sun.io.unicode.encoding" value="UnicodeLittle"/>
    <property name="java.class.version" value="62.0"/>
  </properties>
  <testcase name="topLevelStructRequired" classname="com.kinhnv.app.kafka.connect.DublicateFieldTest" time="0.008"/>
  <testcase name="schemalessInsertUuidField" classname="com.kinhnv.app.kafka.connect.DublicateFieldTest" time="0.001"/>
  <testcase name="copySchemaAndInsertUuidField" classname="com.kinhnv.app.kafka.connect.DublicateFieldTest" time="0"/>
</testsuite>